<?xml version="1.0" encoding="UTF-8"?>
<testng-results ignored="0" total="1" passed="1" failed="0" skipped="0">
  <reporter-output>
  </reporter-output>
  <suite started-at="2025-11-11T11:48:27 IST" name="UI Suite" finished-at="2025-11-11T11:48:30 IST" duration-ms="3504">
    <groups>
    </groups>
    <test started-at="2025-11-11T11:48:27 IST" name="Smoke" finished-at="2025-11-11T11:48:30 IST" duration-ms="3504">
      <class name="com.qa.tests.SimpleTest">
        <test-method is-config="true" signature="setUp()[pri:0, instance:com.qa.tests.SimpleTest@1dde4cb2]" started-at="2025-11-11T11:48:27 IST" name="setUp" finished-at="2025-11-11T11:48:30 IST" duration-ms="3011" status="PASS">
          <reporter-output>
          </reporter-output>
        </test-method> <!-- setUp -->
        <test-method signature="titleCheck()[pri:0, instance:com.qa.tests.SimpleTest@1dde4cb2]" started-at="2025-11-11T11:48:30 IST" name="titleCheck" finished-at="2025-11-11T11:48:30 IST" duration-ms="62" status="PASS">
          <reporter-output>
          </reporter-output>
        </test-method> <!-- titleCheck -->
        <test-method is-config="true" signature="tearDown()[pri:0, instance:com.qa.tests.SimpleTest@1dde4cb2]" started-at="2025-11-11T11:48:30 IST" name="tearDown" finished-at="2025-11-11T11:48:30 IST" duration-ms="343" status="PASS">
          <reporter-output>
          </reporter-output>
        </test-method> <!-- tearDown -->
      </class> <!-- com.qa.tests.SimpleTest -->
    </test> <!-- Smoke -->
  </suite> <!-- UI Suite -->
</testng-results>
