<?xml version="1.0" encoding="UTF-8"?>
<!-- Generated by org.testng.reporters.JUnitXMLReporter -->
<testsuite ignored="0" hostname="Sravs" failures="1" tests="2" name="Chrome_Smoke" time="13.07" errors="0" timestamp="2025-11-13T11:32:59 IST">
  <testcase classname="com.yourcompany.tests.LoginTest" name="loginShouldSucceed" time="0.029"/>
  <testcase classname="com.yourcompany.tests.LoginFailureTest" name="intentionalFailure" time="0.047">
    <failure type="java.lang.AssertionError" message="Intentional mismatch to demo screenshot capture expected [This Title Will Not Match] but found [Example Domain]">
      <![CDATA[java.lang.AssertionError: Intentional mismatch to demo screenshot capture expected [This Title Will Not Match] but found [Example Domain]
at com.yourcompany.tests.LoginFailureTest.intentionalFailure(LoginFailureTest.java:17)
at java.base/java.util.ArrayList.forEach(ArrayList.java:1511)
at java.base/java.util.concurrent.FutureTask.run(FutureTask.java:264)
at java.base/java.util.concurrent.ThreadPoolExecutor.runWorker(ThreadPoolExecutor.java:1136)
at java.base/java.util.concurrent.ThreadPoolExecutor$Worker.run(ThreadPoolExecutor.java:635)
at java.base/java.lang.Thread.run(Thread.java:840)
... Removed 22 stack frames]]>
    </failure>
  </testcase> <!-- intentionalFailure -->
</testsuite> <!-- Chrome_Smoke -->
